[debug] [2022-12-11T17:56:41.761Z] ----------------------------------------------------------------------
[debug] [2022-12-11T17:56:41.763Z] Command:       C:\Program Files\nodejs\node.exe C:\Users\HP\AppData\Roaming\npm\node_modules\firebase-tools\lib\bin\firebase.js init
[debug] [2022-12-11T17:56:41.764Z] CLI Version:   11.17.0
[debug] [2022-12-11T17:56:41.764Z] Platform:      win32
[debug] [2022-12-11T17:56:41.764Z] Node Version:  v16.15.0
[debug] [2022-12-11T17:56:41.765Z] Time:          Sun Dec 11 2022 23:26:41 GMT+0530 (India Standard Time)
[debug] [2022-12-11T17:56:41.765Z] ----------------------------------------------------------------------
[debug] 
[debug] [2022-12-11T17:56:41.774Z] > command requires scopes: ["email","openid","https://www.googleapis.com/auth/cloudplatformprojects.readonly","https://www.googleapis.com/auth/firebase","https://www.googleapis.com/auth/cloud-platform"]
[debug] [2022-12-11T17:56:41.775Z] > authorizing via signed-in user (shahidshafadshahad@gmail.com)
[info] 
     ######## #### ########  ######## ########     ###     ######  ########
     ##        ##  ##     ## ##       ##     ##  ##   ##  ##       ##
     ######    ##  ########  ######   ########  #########  ######  ######
     ##        ##  ##    ##  ##       ##     ## ##     ##       ## ##
     ##       #### ##     ## ######## ########  ##     ##  ######  ########

You're about to initialize a Firebase project in this directory:

  C:\Users\HP\OneDrive\Documents\Tinder-Clone\tinder-backend

[info] 
=== Project Setup
[info] 
[info] First, let's associate this project directory with a Firebase project.
[info] You can create multiple project aliases by running firebase use --add, 
[info] but for now we'll just set up a default project.
[info] 
[debug] [2022-12-11T17:57:07.376Z] > refreshing access token with scopes: []
[debug] [2022-12-11T17:57:07.378Z] >>> [apiv2][query] POST https://www.googleapis.com/oauth2/v3/token [none]
[debug] [2022-12-11T17:57:07.378Z] >>> [apiv2][body] POST https://www.googleapis.com/oauth2/v3/token [omitted]
[debug] [2022-12-11T17:57:07.776Z] <<< [apiv2][status] POST https://www.googleapis.com/oauth2/v3/token 200
[debug] [2022-12-11T17:57:07.777Z] <<< [apiv2][body] POST https://www.googleapis.com/oauth2/v3/token [omitted]
[debug] [2022-12-11T17:57:07.784Z] >>> [apiv2][query] GET https://firebase.googleapis.com/v1beta1/projects pageSize=100
[debug] [2022-12-11T17:57:08.695Z] <<< [apiv2][status] GET https://firebase.googleapis.com/v1beta1/projects 200
[debug] [2022-12-11T17:57:08.695Z] <<< [apiv2][body] GET https://firebase.googleapis.com/v1beta1/projects [omitted]
[info] i  Using project tinder-backend-b8e43 (tinder-backend) 
[info] 
=== Hosting Setup
[info] 
[info] Your public directory is the folder (relative to your project directory) that
[info] will contain Hosting assets to be uploaded with firebase deploy. If you
[info] have a build process for your assets, use your build's output directory.
[info] 
[info] +  Wrote public/404.html 
[debug] [2022-12-11T17:58:27.035Z] >>> [apiv2][query] GET https://www.gstatic.com/firebasejs/releases.json [none]
[debug] [2022-12-11T17:58:28.769Z] <<< [apiv2][status] GET https://www.gstatic.com/firebasejs/releases.json 200
[debug] [2022-12-11T17:58:28.769Z] <<< [apiv2][body] GET https://www.gstatic.com/firebasejs/releases.json {"current":{"version":"9.15.0","browserURL":"https://www.gstatic.com/firebasejs/9.15.0/firebase.js","packageURL":"https://www.gstatic.com/firebasejs/9.15.0/firebase.tgz"},"live":{"version":"9.15","browserURL":"https://www.gstatic.com/firebasejs/live/9.15/firebase.js","packageURL":"https://www.gstatic.com/firebasejs/live/9.15/firebase.tgz"},"components":{"analytics":"https://www.gstatic.com/firebasejs/9.15.0/firebase-analytics.js","app":"https://www.gstatic.com/firebasejs/9.15.0/firebase-app.js","app-check":"https://www.gstatic.com/firebasejs/9.15.0/firebase-app-check.js","auth":"https://www.gstatic.com/firebasejs/9.15.0/firebase-auth.js","auth/cordova":"https://www.gstatic.com/firebasejs/9.15.0/firebase-auth/cordova.js","auth/react-native":"https://www.gstatic.com/firebasejs/9.15.0/firebase-auth/react-native.js","functions":"https://www.gstatic.com/firebasejs/9.15.0/firebase-functions.js","firestore":"https://www.gstatic.com/firebasejs/9.15.0/firebase-firestore.js","firestore/lite":"https://www.gstatic.com/firebasejs/9.15.0/firebase-firestore/lite.js","installations":"https://www.gstatic.com/firebasejs/9.15.0/firebase-installations.js","storage":"https://www.gstatic.com/firebasejs/9.15.0/firebase-storage.js","performance":"https://www.gstatic.com/firebasejs/9.15.0/firebase-performance.js","remote-config":"https://www.gstatic.com/firebasejs/9.15.0/firebase-remote-config.js","messaging":"https://www.gstatic.com/firebasejs/9.15.0/firebase-messaging.js","messaging/sw":"https://www.gstatic.com/firebasejs/9.15.0/firebase-messaging/sw.js","database":"https://www.gstatic.com/firebasejs/9.15.0/firebase-database.js","firestore.memory":"https://www.gstatic.com/firebasejs/9.15.0/firebase-firestore.memory.js"}}
[info] +  Wrote public/index.html 
[info] 
[info] i  Detected a .git folder at C:\Users\HP\OneDrive\Documents\Tinder-Clone\tinder-backend 
[info] i  Authorizing with GitHub to upload your service account to a GitHub repository's secrets store. 
[info] 
[info] Visit this URL on this device to log in:
[info] https://github.com/login/oauth/authorize?client_id=89cf50f02ac6aaed3484&state=544986737&redirect_uri=http%3A%2F%2Flocalhost%3A9005&scope=read%3Auser%20repo%20public_repo
[info] 
[info] Waiting for authentication...
[debug] [2022-12-11T17:58:31.167Z] >>> [apiv2][query] POST https://github.com/login/oauth/access_token [none]
[debug] [2022-12-11T17:58:31.167Z] >>> [apiv2][body] POST https://github.com/login/oauth/access_token [stream]
[debug] [2022-12-11T17:58:35.017Z] <<< [apiv2][status] POST https://github.com/login/oauth/access_token 200
[debug] [2022-12-11T17:58:35.018Z] <<< [apiv2][body] POST https://github.com/login/oauth/access_token {"access_token":"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","token_type":"bearer","scope":"read:user,repo"}
[debug] [2022-12-11T17:58:35.030Z] >>> [apiv2][query] GET https://api.github.com/user [none]
[debug] [2022-12-11T17:58:47.620Z] <<< [apiv2][status] GET https://api.github.com/user 200
[debug] [2022-12-11T17:58:47.621Z] <<< [apiv2][body] GET https://api.github.com/user {"login":"Sha7hid","id":96056167,"node_id":"U_kgDOBbmzZw","avatar_url":"https://avatars.githubusercontent.com/u/96056167?v=4","gravatar_id":"","url":"https://api.github.com/users/Sha7hid","html_url":"https://github.com/Sha7hid","followers_url":"https://api.github.com/users/Sha7hid/followers","following_url":"https://api.github.com/users/Sha7hid/following{/other_user}","gists_url":"https://api.github.com/users/Sha7hid/gists{/gist_id}","starred_url":"https://api.github.com/users/Sha7hid/starred{/owner}{/repo}","subscriptions_url":"https://api.github.com/users/Sha7hid/subscriptions","organizations_url":"https://api.github.com/users/Sha7hid/orgs","repos_url":"https://api.github.com/users/Sha7hid/repos","events_url":"https://api.github.com/users/Sha7hid/events{/privacy}","received_events_url":"https://api.github.com/users/Sha7hid/received_events","type":"User","site_admin":false,"name":"Shahid","company":null,"blog":"https://sha7hid.github.io/CV/","location":"india","email":null,"hireable":null,"bio":"Front End Developer / React","twitter_username":null,"public_repos":15,"public_gists":0,"followers":2,"following":3,"created_at":"2021-12-13T11:33:22Z","updated_at":"2022-11-28T14:32:34Z","private_gists":0,"total_private_repos":1,"owned_private_repos":1,"disk_usage":22887,"collaborators":0,"two_factor_authentication":false,"plan":{"name":"free","space":976562499,"collaborators":0,"private_repos":10000}}
[info] 
[info] +  Success! Logged into GitHub as Sha7hid 
[info] 
[debug] [2022-12-11T17:59:02.177Z] >>> [apiv2][query] GET https://api.github.com/repos//actions/secrets/public-key type=owner
[debug] [2022-12-11T17:59:02.671Z] <<< [apiv2][status] GET https://api.github.com/repos//actions/secrets/public-key 404
[debug] [2022-12-11T17:59:02.671Z] <<< [apiv2][body] GET https://api.github.com/repos//actions/secrets/public-key {"message":"Not Found","documentation_url":"https://docs.github.com/rest"}
[debug] [2022-12-11T17:59:04.921Z] >>> [apiv2][query] GET https://api.github.com/repos//actions/secrets/public-key type=owner
[debug] [2022-12-11T17:59:09.326Z] <<< [apiv2][status] GET https://api.github.com/repos//actions/secrets/public-key 404
[debug] [2022-12-11T17:59:09.326Z] <<< [apiv2][body] GET https://api.github.com/repos//actions/secrets/public-key {"message":"Not Found","documentation_url":"https://docs.github.com/rest"}
